{"timestamp":"2023-12-10T15:07:01.227Z","method":"POST","url":"/api/auth/foodData","status_code":"200","response_time":"9.940","content_length": "3610"}
{"timestamp":"2023-12-10T15:07:01.230Z","method":"POST","url":"/api/auth/foodData","status_code":"200","response_time":"1.043","content_length": "3610"}
{"timestamp":"2023-12-10T18:02:27.738Z","method":"POST","url":"/api/auth/foodData","status_code":"200","response_time":"6.736","content_length": "3610"}
{"timestamp":"2023-12-10T18:02:27.743Z","method":"POST","url":"/api/auth/foodData","status_code":"200","response_time":"1.086","content_length": "3610"}
{"timestamp":"2023-12-10T18:03:45.664Z","method":"POST","url":"/api/auth/getlocation","status_code":"200","response_time":"5289.223","content_length": "83"}
{"timestamp":"2023-12-10T18:03:51.620Z","method":"POST","url":"/api/auth/createuser","status_code":"200","response_time":"244.980","content_length": "191"}
{"timestamp":"2023-12-10T18:04:11.590Z","method":"POST","url":"/api/auth/foodData","status_code":"200","response_time":"0.839","content_length": "3610"}
{"timestamp":"2023-12-10T18:04:11.593Z","method":"POST","url":"/api/auth/foodData","status_code":"200","response_time":"1.108","content_length": "3610"}
{"timestamp":"2023-12-10T18:05:01.730Z","method":"POST","url":"/api/auth/orderData","status_code":"200","response_time":"101.486","content_length": "16"}
{"timestamp":"2023-12-10T18:05:05.409Z","method":"POST","url":"/api/auth/myOrderData","status_code":"200","response_time":"29.975","content_length": "4954"}
{"timestamp":"2023-12-10T18:05:05.414Z","method":"POST","url":"/api/auth/myOrderData","status_code":"200","response_time":"38.415","content_length": "4954"}
{"timestamp":"2023-12-10T18:06:45.249Z","method":"POST","url":"/api/auth/foodData","status_code":"200","response_time":"0.806","content_length": "3610"}
{"timestamp":"2023-12-10T18:06:45.251Z","method":"POST","url":"/api/auth/foodData","status_code":"200","response_time":"0.796","content_length": "3610"}
{"timestamp":"2023-12-10T18:06:58.377Z","method":"POST","url":"/api/auth/orderData","status_code":"200","response_time":"91.594","content_length": "16"}
{"timestamp":"2023-12-10T18:07:25.811Z","method":"POST","url":"/api/auth/login","status_code":"200","response_time":"255.066","content_length": "191"}
{"timestamp":"2023-12-10T18:07:25.847Z","method":"POST","url":"/api/auth/foodData","status_code":"200","response_time":"0.652","content_length": "3610"}
{"timestamp":"2023-12-10T18:07:25.850Z","method":"POST","url":"/api/auth/foodData","status_code":"200","response_time":"0.581","content_length": "3610"}
{"timestamp":"2023-12-10T18:07:42.571Z","method":"POST","url":"/api/auth/orderData","status_code":"200","response_time":"85.120","content_length": "16"}
{"timestamp":"2023-12-10T18:07:51.972Z","method":"POST","url":"/api/auth/myOrderData","status_code":"200","response_time":"33.684","content_length": "5519"}
{"timestamp":"2023-12-10T18:07:51.976Z","method":"POST","url":"/api/auth/myOrderData","status_code":"200","response_time":"42.316","content_length": "5519"}
{"timestamp":"2023-12-10T18:29:34.942Z","method":"POST","url":"/api/auth/foodData","status_code":"200","response_time":"0.788","content_length": "3610"}
{"timestamp":"2023-12-10T18:29:34.953Z","method":"POST","url":"/api/auth/foodData","status_code":"200","response_time":"0.660","content_length": "3610"}
{"timestamp":"2023-12-12T03:13:39.473Z","method":"POST","url":"/api/auth/foodData","status_code":"200","response_time":"17.121","content_length": "3610"}
{"timestamp":"2023-12-12T03:13:39.477Z","method":"POST","url":"/api/auth/foodData","status_code":"200","response_time":"1.764","content_length": "3610"}
{"timestamp":"2023-12-12T03:15:23.752Z","method":"POST","url":"/api/auth/orderData","status_code":"200","response_time":"432.897","content_length": "16"}
{"timestamp":"2023-12-12T03:15:28.427Z","method":"POST","url":"/api/auth/myOrderData","status_code":"200","response_time":"118.039","content_length": "5695"}
{"timestamp":"2023-12-12T03:15:28.475Z","method":"POST","url":"/api/auth/myOrderData","status_code":"200","response_time":"162.368","content_length": "5695"}
{"timestamp":"2023-12-12T03:15:44.359Z","method":"POST","url":"/api/auth/foodData","status_code":"200","response_time":"0.810","content_length": "3610"}
{"timestamp":"2023-12-12T03:15:44.361Z","method":"POST","url":"/api/auth/foodData","status_code":"200","response_time":"1.010","content_length": "3610"}
